21:01:25:836 [main] INFO  org.testng.internal.Utils - [TestNG] Running:
  C:\Users\Nivi\eclipse-workspace\Opencart_Automation\Master.xml

21:02:21:985 [main] INFO  testCases.TC007_CheckoutTest - starting test
21:06:20:358 [main] INFO  org.testng.internal.Utils - [TestNG] Running:
  C:\Users\Nivi\eclipse-workspace\Opencart_Automation\Master.xml

21:07:07:546 [main] INFO  testCases.TC007_CheckoutTest - starting test
21:08:55:976 [main] INFO  org.testng.internal.Utils - [TestNG] Running:
  C:\Users\Nivi\eclipse-workspace\Opencart_Automation\Master.xml

21:09:25:558 [main] INFO  testCases.TC007_CheckoutTest - starting test
21:29:28:448 [main] INFO  org.testng.internal.Utils - [TestNG] Running:
  C:\Users\Nivi\eclipse-workspace\Opencart_Automation\Master.xml

21:32:57:400 [main] INFO  org.testng.internal.Utils - [TestNG] Running:
  C:\Users\Nivi\eclipse-workspace\Opencart_Automation\Master.xml

21:33:45:676 [main] INFO  org.testng.internal.Utils - [TestNG] Running:
  C:\Users\Nivi\eclipse-workspace\Opencart_Automation\Master.xml

21:35:41:477 [main] ERROR org.testng.reporters.jq.Main - C:\Users\Nivi\eclipse-workspace\Opencart_Automation\test-output\jquery-3.6.0.min.js: The process cannot access the file because it is being used by another process
java.nio.file.FileSystemException: C:\Users\Nivi\eclipse-workspace\Opencart_Automation\test-output\jquery-3.6.0.min.js: The process cannot access the file because it is being used by another process
	at java.base/sun.nio.fs.WindowsException.translateToIOException(WindowsException.java:92) ~[?:?]
	at java.base/sun.nio.fs.WindowsException.rethrowAsIOException(WindowsException.java:103) ~[?:?]
	at java.base/sun.nio.fs.WindowsException.rethrowAsIOException(WindowsException.java:108) ~[?:?]
	at java.base/sun.nio.fs.WindowsFileSystemProvider.implDelete(WindowsFileSystemProvider.java:273) ~[?:?]
	at java.base/sun.nio.fs.AbstractFileSystemProvider.deleteIfExists(AbstractFileSystemProvider.java:109) ~[?:?]
	at java.base/java.nio.file.Files.deleteIfExists(Files.java:1191) ~[?:?]
	at java.base/java.nio.file.Files.copy(Files.java:3128) ~[?:?]
	at org.testng.reporters.jq.Main.generateReport(Main.java:95) [testng-7.10.2.jar:7.10.2]
	at org.testng.TestNG.generateReports(TestNG.java:1160) [testng-7.10.2.jar:7.10.2]
	at org.testng.TestNG.run(TestNG.java:1085) [testng-7.10.2.jar:7.10.2]
	at org.testng.remote.AbstractRemoteTestNG.run(AbstractRemoteTestNG.java:115) [testng-remote.jar:?]
	at org.testng.remote.RemoteTestNG.initAndRun(RemoteTestNG.java:293) [testng-remote.jar:?]
	at org.testng.remote.RemoteTestNG.main(RemoteTestNG.java:91) [testng-remote.jar:?]
21:36:15:319 [main] INFO  org.testng.internal.Utils - [TestNG] Running:
  C:\Users\Nivi\eclipse-workspace\Opencart_Automation\Master.xml

21:36:50:750 [main] INFO  testCases.TC007_CheckoutTest - starting test
21:39:53:602 [main] INFO  org.testng.internal.Utils - [TestNG] Running:
  C:\Users\Nivi\eclipse-workspace\Opencart_Automation\Master.xml

21:40:10:652 [main] INFO  testCases.TC007_CheckoutTest - starting test
21:41:39:771 [main] INFO  org.testng.internal.Utils - [TestNG] Running:
  C:\Users\Nivi\eclipse-workspace\Opencart_Automation\Master.xml

21:41:55:683 [main] INFO  testCases.TC007_CheckoutTest - starting test
21:42:43:878 [main] INFO  org.testng.internal.Utils - [TestNG] Running:
  C:\Users\Nivi\eclipse-workspace\Opencart_Automation\Master.xml

21:42:53:721 [main] INFO  testCases.TC007_CheckoutTest - starting test
21:44:56:349 [main] INFO  org.testng.internal.Utils - [TestNG] Running:
  C:\Users\Nivi\eclipse-workspace\Opencart_Automation\Master.xml

21:45:07:549 [main] INFO  testCases.TC007_CheckoutTest - starting test
